TN:
SF:src/controller/job-manager/jitter.ts
FNF:4
FNH:4
DA:12,9
DA:13,15
DA:14,40
DA:15,35
DA:16,37
DA:17,15
DA:18,2
DA:19,22
DA:26,6
DA:27,11
DA:28,6
DA:29,15
DA:30,17
DA:31,3
DA:32,37
DA:34,64
DA:35,50
DA:36,38
DA:38,41
DA:44,36
DA:45,27
DA:46,73
DA:47,15
DA:53,49
DA:56,86
DA:57,14
LF:26
LH:26
end_of_record
TN:
SF:src/lib/rrule.ts
FNF:7
FNH:6
DA:24,22
DA:25,9
DA:26,64
DA:27,35
DA:29,32
DA:30,43
DA:32,32
DA:34,26
DA:35,17
DA:36,30
DA:37,10
DA:38,21
DA:39,48
DA:40,10
DA:41,18
DA:42,42
DA:43,10
DA:44,19
DA:45,69
DA:46,10
DA:47,21
DA:48,71
DA:49,10
DA:50,23
DA:51,73
DA:52,10
DA:53,18
DA:54,45
DA:55,10
DA:56,18
DA:57,41
DA:58,9
DA:60,4
DA:62,24
DA:63,11
DA:64,4
DA:66,13
DA:67,0
DA:68,1
DA:72,18
DA:73,8
DA:74,8
DA:75,8
DA:76,8
DA:77,8
DA:78,8
DA:79,6
DA:80,2
DA:85,40
DA:86,30
DA:87,34
DA:90,21
DA:91,28
DA:93,41
DA:95,37
DA:96,16
DA:97,77
DA:98,5
DA:99,0
DA:100,0
DA:101,0
DA:102,0
DA:103,0
DA:104,0
DA:105,0
DA:106,0
DA:107,4
DA:111,62
DA:112,11
DA:113,4
DA:116,56
DA:117,0
DA:118,4
DA:121,55
DA:122,0
DA:123,4
DA:125,22
DA:126,0
DA:127,0
DA:129,0
DA:130,0
DA:131,0
DA:132,0
DA:133,4
DA:136,27
DA:137,0
DA:138,0
DA:139,0
DA:140,4
DA:143,69
DA:144,55
DA:145,4
DA:147,32
DA:148,51
DA:149,40
DA:150,4
DA:153,27
DA:154,16
DA:155,0
DA:156,0
DA:158,1
DA:165,6
DA:166,13
DA:167,17
DA:168,22
DA:169,3
DA:171,41
DA:172,55
DA:174,34
DA:177,33
DA:178,64
DA:179,37
DA:181,10
DA:182,4
DA:183,34
DA:184,2
DA:186,45
DA:187,65
DA:189,59
LF:119
LH:97
end_of_record
TN:
SF:src/lib/selectors.ts
FNF:9
FNH:9
DA:6,6
DA:7,10
DA:8,9
DA:14,3
DA:15,30
DA:18,73
DA:19,65
DA:20,12
DA:21,2
DA:22,2
DA:25,30
DA:26,40
DA:27,43
DA:29,33
DA:30,74
DA:31,37
DA:32,12
DA:33,6
DA:34,4
DA:35,4
DA:38,38
DA:39,55
DA:40,44
DA:42,38
DA:43,17
DA:44,106
DA:45,10
DA:46,20
DA:47,103
DA:48,10
DA:49,21
DA:50,66
DA:51,10
DA:52,27
DA:53,66
DA:54,11
DA:56,4
DA:57,2
DA:58,2
DA:61,61
DA:62,43
DA:63,79
DA:64,33
DA:65,2
DA:68,63
DA:69,41
DA:70,72
DA:71,6
DA:72,33
DA:73,2
DA:75,12
DA:81,6
DA:82,11
DA:83,9
DA:89,3
DA:90,43
DA:91,70
DA:97,6
DA:98,11
DA:99,9
DA:105,3
DA:106,71
DA:112,6
DA:113,10
DA:119,10
DA:120,3
DA:121,69
LF:67
LH:67
end_of_record
TN:
SF:src/lib/uptime.ts
FNF:8
FNH:8
DA:4,6
DA:5,12
DA:9,15
DA:10,3
DA:11,43
DA:13,23
DA:14,74
DA:16,57
DA:17,42
DA:18,28
DA:19,4
DA:21,51
DA:23,76
DA:24,49
DA:30,21
DA:31,35
DA:37,29
DA:38,34
DA:39,64
DA:45,6
DA:46,11
DA:50,10
DA:51,3
DA:52,23
DA:53,57
DA:55,21
DA:57,38
DA:58,45
DA:59,41
DA:61,48
DA:62,81
DA:63,69
DA:65,35
DA:66,42
DA:67,2
DA:68,2
DA:70,68
DA:71,52
DA:77,21
DA:78,53
DA:79,42
DA:80,56
DA:86,6
DA:87,12
DA:88,3
DA:89,46
DA:90,39
DA:91,39
DA:92,39
DA:93,17
LF:50
LH:50
end_of_record
